Determining if the pthread_create exist failed with the following output:
Change Dir: /home/member/Documents/DriveAI/Experiemnts/Parth/ROS/build/CMakeFiles/CMakeTmp

Run Build Command:/usr/bin/make "cmTryCompileExec416412047/fast"
/usr/bin/make -f CMakeFiles/cmTryCompileExec416412047.dir/build.make CMakeFiles/cmTryCompileExec416412047.dir/build
make[1]: Entering directory `/home/member/Documents/DriveAI/Experiemnts/Parth/ROS/build/CMakeFiles/CMakeTmp'
/usr/bin/cmake -E cmake_progress_report /home/member/Documents/DriveAI/Experiemnts/Parth/ROS/build/CMakeFiles/CMakeTmp/CMakeFiles 1
Building C object CMakeFiles/cmTryCompileExec416412047.dir/CheckSymbolExists.c.o
/usr/bin/cc    -o CMakeFiles/cmTryCompileExec416412047.dir/CheckSymbolExists.c.o   -c /home/member/Documents/DriveAI/Experiemnts/Parth/ROS/build/CMakeFiles/CMakeTmp/CheckSymbolExists.c
Linking C executable cmTryCompileExec416412047
/usr/bin/cmake -E cmake_link_script CMakeFiles/cmTryCompileExec416412047.dir/link.txt --verbose=1
/usr/bin/cc       CMakeFiles/cmTryCompileExec416412047.dir/CheckSymbolExists.c.o  -o cmTryCompileExec416412047 -rdynamic 
CMakeFiles/cmTryCompileExec416412047.dir/CheckSymbolExists.c.o: In function `main':
CheckSymbolExists.c:(.text+0x16): undefined reference to `pthread_create'
collect2: error: ld returned 1 exit status
make[1]: *** [cmTryCompileExec416412047] Error 1
make[1]: Leaving directory `/home/member/Documents/DriveAI/Experiemnts/Parth/ROS/build/CMakeFiles/CMakeTmp'
make: *** [cmTryCompileExec416412047/fast] Error 2

File /home/member/Documents/DriveAI/Experiemnts/Parth/ROS/build/CMakeFiles/CMakeTmp/CheckSymbolExists.c:
/* */
#include <pthread.h>

int main(int argc, char** argv)
{
  (void)argv;
#ifndef pthread_create
  return ((int*)(&pthread_create))[argc];
#else
  (void)argc;
  return 0;
#endif
}

Determining if the function pthread_create exists in the pthreads failed with the following output:
Change Dir: /home/member/Documents/DriveAI/Experiemnts/Parth/ROS/build/CMakeFiles/CMakeTmp

Run Build Command:/usr/bin/make "cmTryCompileExec258223552/fast"
/usr/bin/make -f CMakeFiles/cmTryCompileExec258223552.dir/build.make CMakeFiles/cmTryCompileExec258223552.dir/build
make[1]: Entering directory `/home/member/Documents/DriveAI/Experiemnts/Parth/ROS/build/CMakeFiles/CMakeTmp'
/usr/bin/cmake -E cmake_progress_report /home/member/Documents/DriveAI/Experiemnts/Parth/ROS/build/CMakeFiles/CMakeTmp/CMakeFiles 1
Building C object CMakeFiles/cmTryCompileExec258223552.dir/CheckFunctionExists.c.o
/usr/bin/cc   -DCHECK_FUNCTION_EXISTS=pthread_create   -o CMakeFiles/cmTryCompileExec258223552.dir/CheckFunctionExists.c.o   -c /usr/share/cmake-2.8/Modules/CheckFunctionExists.c
Linking C executable cmTryCompileExec258223552
/usr/bin/cmake -E cmake_link_script CMakeFiles/cmTryCompileExec258223552.dir/link.txt --verbose=1
/usr/bin/cc   -DCHECK_FUNCTION_EXISTS=pthread_create    CMakeFiles/cmTryCompileExec258223552.dir/CheckFunctionExists.c.o  -o cmTryCompileExec258223552 -rdynamic -lpthreads 
/usr/bin/ld: cannot find -lpthreads
collect2: error: ld returned 1 exit status
make[1]: Leaving directory `/home/member/Documents/DriveAI/Experiemnts/Parth/ROS/build/CMakeFiles/CMakeTmp'
make[1]: *** [cmTryCompileExec258223552] Error 1
make: *** [cmTryCompileExec258223552/fast] Error 2


